<?xml version="1.0" encoding="UTF-8"?>
<!-- Generated by org.testng.reporters.JUnitXMLReporter -->
<testsuite ignored="2" hostname="LAPTOP-3T4Q916L" failures="0" tests="2" name="Test1" time="0.117" errors="0" timestamp="2025-03-18T17:45:20 IST">
  <testcase classname="DemoTestNG.TestNGGroupDemo" name="test2" time="0.015"/>
  <testcase classname="DemoTestNG.TestNGGroupDemo" name="test3" time="0.003"/>
  <testcase classname="DemoTestNG.TestNGGroupDemo" name="test1" time="0.0">
    <ignored/>
  </testcase> <!-- test1 -->
  <testcase classname="DemoTestNG.TestNGGroupDemo" name="test4" time="0.0">
    <ignored/>
  </testcase> <!-- test4 -->
</testsuite> <!-- Test1 -->
