<?xml version="1.0" encoding="UTF-8"?>
<testng-results ignored="0" total="1" passed="1" failed="0" skipped="0">
  <reporter-output>
  </reporter-output>
  <suite started-at="2025-03-19T00:01:32 IST" name="Default suite" finished-at="2025-03-19T00:01:52 IST" duration-ms="20666">
    <groups>
    </groups>
    <test started-at="2025-03-19T00:01:32 IST" name="Default test" finished-at="2025-03-19T00:01:52 IST" duration-ms="20666">
      <class name="DemoTestNG.Testcase1login">
        <test-method is-config="true" signature="setUp()[pri:0, instance:DemoTestNG.Testcase1login@3c46e67a]" started-at="2025-03-19T00:01:32 IST" name="setUp" finished-at="2025-03-19T00:01:35 IST" duration-ms="3596" status="PASS">
          <reporter-output>
          </reporter-output>
        </test-method> <!-- setUp -->
        <test-method signature="testCase1login()[pri:0, instance:DemoTestNG.Testcase1login@3c46e67a]" started-at="2025-03-19T00:01:35 IST" name="testCase1login" finished-at="2025-03-19T00:01:52 IST" duration-ms="17001" status="PASS">
          <reporter-output>
          </reporter-output>
        </test-method> <!-- testCase1login -->
        <test-method is-config="true" signature="tearDown()[pri:0, instance:DemoTestNG.Testcase1login@3c46e67a]" started-at="2025-03-19T00:01:52 IST" name="tearDown" finished-at="2025-03-19T00:01:52 IST" duration-ms="1" status="PASS">
          <reporter-output>
          </reporter-output>
        </test-method> <!-- tearDown -->
      </class> <!-- DemoTestNG.Testcase1login -->
    </test> <!-- Default test -->
  </suite> <!-- Default suite -->
</testng-results>
