<?xml version="1.0" encoding="UTF-8"?>
<!-- Generated by org.testng.reporters.JUnitXMLReporter -->
<testsuite ignored="0" hostname="LAPTOP-3T4Q916L" failures="0" tests="6" name="Test" time="8.998" errors="0" timestamp="2025-03-18T14:08:53 IST">
  <testcase classname="listeners.TestNGListenerDemo" name="test1" time="0.016"/>
  <testcase classname="listeners.TestNGListenerDemo" name="test2" time="8.862"/>
  <testcase classname="listeners.TestNGListenerDemo" name="test3" time="0.006"/>
  <testcase classname="listeners.TestNGListenerDemo2" name="test4" time="0.005"/>
  <testcase classname="listeners.TestNGListenerDemo2" name="test5" time="0.006"/>
  <testcase classname="listeners.TestNGListenerDemo2" name="test6" time="0.003"/>
</testsuite> <!-- Test -->
